This is pdfTeX, Version 3.141592653-2.6-1.40.22 (TeX Live 2022/dev/Debian) (preloaded format=pdflatex 2023.3.7)  15 MAY 2023 12:20
entering extended mode
 restricted \write18 enabled.
 %&-line parsing enabled.
**quencher_Jubail.tex
(./quencher_Jubail.tex
LaTeX2e <2021-11-15> patch level 1
L3 programming layer <2022-01-21>
(/usr/local/share/texmf/tex/latex/xc_webpage_project.cls

LaTeX Warning: You have requested document class `xc_webpage_project',
               but the document class provides `xc_iwebpage_project'.

Document Class: xc_iwebpage_project 23/05/05 XC project summary note
(/usr/share/texlive/texmf-dist/tex/latex/base/inputenc.sty
Package: inputenc 2021/02/14 v1.3d Input encoding file
\inpenc@prehook=\toks16
\inpenc@posthook=\toks17
)
(/usr/share/texlive/texmf-dist/tex/latex/base/article.cls
Document Class: article 2021/10/04 v1.4n Standard LaTeX document class
(/usr/share/texlive/texmf-dist/tex/latex/base/size10.clo
File: size10.clo 2021/10/04 v1.4n Standard LaTeX file (size option)
)
\c@part=\count185
\c@section=\count186
\c@subsection=\count187
\c@subsubsection=\count188
\c@paragraph=\count189
\c@subparagraph=\count190
\c@figure=\count191
\c@table=\count192
\abovecaptionskip=\skip47
\belowcaptionskip=\skip48
\bibindent=\dimen138
)
(/usr/share/texlive/texmf-dist/tex/latex/graphics/epsfig.sty
Package: epsfig 2017/06/25 v1.7b (e)psfig emulation (SPQR)

(/usr/share/texlive/texmf-dist/tex/latex/graphics/graphicx.sty
Package: graphicx 2021/09/16 v1.2d Enhanced LaTeX Graphics (DPC,SPQR)

(/usr/share/texlive/texmf-dist/tex/latex/graphics/keyval.sty
Package: keyval 2014/10/28 v1.15 key=value parser (DPC)
\KV@toks@=\toks18
)
(/usr/share/texlive/texmf-dist/tex/latex/graphics/graphics.sty
Package: graphics 2021/03/04 v1.4d Standard LaTeX Graphics (DPC,SPQR)

(/usr/share/texlive/texmf-dist/tex/latex/graphics/trig.sty
Package: trig 2021/08/11 v1.11 sin cos tan (DPC)
)
(/usr/share/texlive/texmf-dist/tex/latex/graphics-cfg/graphics.cfg
File: graphics.cfg 2016/06/04 v1.11 sample graphics configuration
)
Package graphics Info: Driver file: pdftex.def on input line 107.

(/usr/share/texlive/texmf-dist/tex/latex/graphics-def/pdftex.def
File: pdftex.def 2020/10/05 v1.2a Graphics/color driver for pdftex
))
\Gin@req@height=\dimen139
\Gin@req@width=\dimen140
)
\epsfxsize=\dimen141
\epsfysize=\dimen142
)
(/usr/share/texlive/texmf-dist/tex/latex/parallel/parallel.sty
Package: parallel 2003/04/13, setting two texts parallel (me)

`parallel': setting two texts parallel, (beta 4) 2003/04/13.
\ParallelLWidth=\dimen143
\ParallelRWidth=\dimen144
\ParallelTextWidth=\dimen145
\ParallelLeftMargin=\dimen146
\ParallelUserMidSkip=\dimen147
\ParallelMainMidSkip=\dimen148
\ParallelLBox=\box50
\ParallelRBox=\box51
\ParallelBoxVar=\box52
\ParallelLTok=\box53
\ParallelRTok=\box54
\ParallelBoolVar=\count193
\ParallelBoolMid=\count194
\ParallelWhichBox=\count195
\ParallelMainMode=\count196
\ParallelFNMode=\count197
\ParallelLFNCounter=\count198
\ParallelRFNCounter=\count199
\ParallelMaxFN=\count266
\ParallelFNNumMode=\count267
)
(/usr/share/texlive/texmf-dist/tex/latex/xcolor/xcolor.sty
Package: xcolor 2021/10/31 v2.13 LaTeX color extensions (UK)

(/usr/share/texlive/texmf-dist/tex/latex/graphics-cfg/color.cfg
File: color.cfg 2016/01/02 v1.6 sample color configuration
)
Package xcolor Info: Driver file: pdftex.def on input line 227.
Package xcolor Info: Model `cmy' substituted by `cmy0' on input line 1352.
Package xcolor Info: Model `hsb' substituted by `rgb' on input line 1356.
Package xcolor Info: Model `RGB' extended on input line 1368.
Package xcolor Info: Model `HTML' substituted by `rgb' on input line 1370.
Package xcolor Info: Model `Hsb' substituted by `hsb' on input line 1371.
Package xcolor Info: Model `tHsb' substituted by `hsb' on input line 1372.
Package xcolor Info: Model `HSB' substituted by `hsb' on input line 1373.
Package xcolor Info: Model `Gray' substituted by `gray' on input line 1374.
Package xcolor Info: Model `wave' substituted by `hsb' on input line 1375.

(/usr/share/texlive/texmf-dist/tex/latex/graphics/dvipsnam.def
File: dvipsnam.def 2016/06/17 v3.0m Driver-dependent file (DPC,SPQR)
))
(/usr/share/texlive/texmf-dist/tex/latex/multirow/multirow.sty
Package: multirow 2021/03/15 v2.8 Span multiple rows of a table
\multirow@colwidth=\skip49
\multirow@cntb=\count268
\multirow@dima=\skip50
\bigstrutjot=\dimen149
)
(/usr/share/texlive/texmf-dist/tex/latex/geometry/geometry.sty
Package: geometry 2020/01/02 v5.9 Page Geometry

(/usr/share/texlive/texmf-dist/tex/generic/iftex/ifvtex.sty
Package: ifvtex 2019/10/25 v1.7 ifvtex legacy package. Use iftex instead.

(/usr/share/texlive/texmf-dist/tex/generic/iftex/iftex.sty
Package: iftex 2020/03/06 v1.0d TeX engine tests
))
\Gm@cnth=\count269
\Gm@cntv=\count270
\c@Gm@tempcnt=\count271
\Gm@bindingoffset=\dimen150
\Gm@wd@mp=\dimen151
\Gm@odd@mp=\dimen152
\Gm@even@mp=\dimen153
\Gm@layoutwidth=\dimen154
\Gm@layoutheight=\dimen155
\Gm@layouthoffset=\dimen156
\Gm@layoutvoffset=\dimen157
\Gm@dimlist=\toks19
))
(/usr/share/texlive/texmf-dist/tex/generic/babel/babel.sty
Package: babel 2022/01/26 3.70 The Babel package
\babel@savecnt=\count272
\U@D=\dimen158
\l@unhyphenated=\language87

(/usr/share/texlive/texmf-dist/tex/generic/babel/txtbabel.def)
\bbl@readstream=\read2
\bbl@dirlevel=\count273

(/usr/share/texlive/texmf-dist/tex/generic/babel-spanish/spanish.ldf
Language: spanish.ldf 2021/05/27 v5.0q Spanish support from the babel system
\es@quottoks=\toks20
\es@quotdepth=\count274
Package babel Info: Making " an active character on input line 570.
Package babel Info: Making . an active character on input line 675.
Package babel Info: Making < an active character on input line 722.
Package babel Info: Making > an active character on input line 722.
)
(/usr/share/texlive/texmf-dist/tex/generic/babel-english/english.ldf
Language: english 2017/06/06 v3.3r English support from the babel system
Package babel Info: Hyphen rules for 'canadian' set to \l@english
(babel)             (\language0). Reported on input line 102.
Package babel Info: Hyphen rules for 'australian' set to \l@ukenglish
(babel)             (\language71). Reported on input line 105.
Package babel Info: Hyphen rules for 'newzealand' set to \l@ukenglish
(babel)             (\language71). Reported on input line 108.
))
(/usr/share/texlive/texmf-dist/tex/latex/caption/caption.sty
Package: caption 2020/10/26 v3.5g Customizing captions (AR)

(/usr/share/texlive/texmf-dist/tex/latex/caption/caption3.sty
Package: caption3 2020/10/21 v2.2e caption3 kernel (AR)
\captionmargin=\dimen159
\captionmargin@=\dimen160
\captionwidth=\dimen161
\caption@tempdima=\dimen162
\caption@indent=\dimen163
\caption@parindent=\dimen164
\caption@hangindent=\dimen165
Package caption Info: Standard document class detected.
)
\c@caption@flags=\count275
\c@continuedfloat=\count276
)
(/usr/share/texlive/texmf-dist/tex/latex/wrapfig/wrapfig.sty
\wrapoverhang=\dimen166
\WF@size=\dimen167
\c@WF@wrappedlines=\count277
\WF@box=\box55
\WF@everypar=\toks21
Package: wrapfig 2003/01/31  v 3.6
)
(/usr/share/texlive/texmf-dist/tex/latex/caption/subcaption.sty
Package: subcaption 2020/10/07 v1.3j Sub-captions (AR)
\c@subfigure=\count278
\c@subtable=\count279
)
(/usr/share/texlive/texmf-dist/tex/latex/l3backend/l3backend-pdftex.def
File: l3backend-pdftex.def 2022-01-12 L3 backend support: PDF output (pdfTeX)
\l__color_backend_stack_int=\count280
\l__pdf_internal_box=\box56
)
(./quencher_Jubail.aux)
\openout1 = `quencher_Jubail.aux'.

LaTeX Font Info:    Checking defaults for OML/cmm/m/it on input line 20.
LaTeX Font Info:    ... okay on input line 20.
LaTeX Font Info:    Checking defaults for OMS/cmsy/m/n on input line 20.
LaTeX Font Info:    ... okay on input line 20.
LaTeX Font Info:    Checking defaults for OT1/cmr/m/n on input line 20.
LaTeX Font Info:    ... okay on input line 20.
LaTeX Font Info:    Checking defaults for T1/cmr/m/n on input line 20.
LaTeX Font Info:    ... okay on input line 20.
LaTeX Font Info:    Checking defaults for TS1/cmr/m/n on input line 20.
LaTeX Font Info:    ... okay on input line 20.
LaTeX Font Info:    Checking defaults for OMX/cmex/m/n on input line 20.
LaTeX Font Info:    ... okay on input line 20.
LaTeX Font Info:    Checking defaults for U/cmr/m/n on input line 20.
LaTeX Font Info:    ... okay on input line 20.

(/usr/share/texlive/texmf-dist/tex/context/base/mkii/supp-pdf.mkii
[Loading MPS to PDF converter (version 2006.09.02).]
\scratchcounter=\count281
\scratchdimen=\dimen168
\scratchbox=\box57
\nofMPsegments=\count282
\nofMParguments=\count283
\everyMPshowfont=\toks22
\MPscratchCnt=\count284
\MPscratchDim=\dimen169
\MPnumerator=\count285
\makeMPintoPDFobject=\count286
\everyMPtoPDFconversion=\toks23
) (/usr/share/texlive/texmf-dist/tex/latex/epstopdf-pkg/epstopdf-base.sty
Package: epstopdf-base 2020-01-24 v2.11 Base part for package epstopdf
Package epstopdf-base Info: Redefining graphics rule for `.eps' on input line 4
85.

(/usr/share/texlive/texmf-dist/tex/latex/latexconfig/epstopdf-sys.cfg
File: epstopdf-sys.cfg 2010/07/13 v1.3 Configuration of (r)epstopdf for TeX Liv
e
))
*geometry* driver: auto-detecting
*geometry* detected driver: pdftex
*geometry* verbose mode - [ preamble ] result:
* driver: pdftex
* paper: a4paper
* layout: <same size as paper>
* layoutoffset:(h,v)=(0.0pt,0.0pt)
* modes: 
* h-part:(L,W,R)=(85.35826pt, 469.47049pt, 42.67912pt)
* v-part:(T,H,B)=(56.9055pt, 731.23584pt, 56.9055pt)
* \paperwidth=597.50787pt
* \paperheight=845.04684pt
* \textwidth=469.47049pt
* \textheight=731.23584pt
* \oddsidemargin=13.08827pt
* \evensidemargin=13.08827pt
* \topmargin=-52.36449pt
* \headheight=12.0pt
* \headsep=25.0pt
* \topskip=10.0pt
* \footskip=30.0pt
* \marginparwidth=65.0pt
* \marginparsep=11.0pt
* \columnsep=10.0pt
* \skip\footins=9.0pt plus 4.0pt minus 2.0pt
* \hoffset=0.0pt
* \voffset=0.0pt
* \mag=1000
* \@twocolumnfalse
* \@twosidefalse
* \@mparswitchfalse
* \@reversemarginfalse
* (1in=72.27pt=25.4mm, 1cm=28.453pt)

Package caption Info: Begin \AtBeginDocument code.
Package caption Info: wrapfig package is loaded.
Package caption Info: End \AtBeginDocument code.
<anagramaXC300x300_con_texto.png, id=1, 448.67625pt x 300.12125pt>
File: anagramaXC300x300_con_texto.png Graphic file (type png)
<use anagramaXC300x300_con_texto.png>
Package pdftex.def Info: anagramaXC300x300_con_texto.png  used on input line 21
.
(pdftex.def)             Requested size: 71.13188pt x 47.57617pt.
LaTeX Font Info:    External font `cmex10' loaded for size
(Font)              <7> on input line 21.
LaTeX Font Info:    External font `cmex10' loaded for size
(Font)              <5> on input line 21.

LaTeX Font Warning: Font shape `OT1/cmr/m/n' in size <50> not available
(Font)              size <24.88> substituted on input line 21.


LaTeX Font Warning: Font shape `OT1/cmr/bx/n' in size <50> not available
(Font)              size <24.88> substituted on input line 21.


Overfull \vbox (14.90883pt too high) detected at line 21
 []


Underfull \hbox (badness 10000) in paragraph at lines 21--21

 []

<figures/quencher.png, id=3, 1689.6726pt x 2392.137pt>
File: figures/quencher.png Graphic file (type png)
<use figures/quencher.png>
Package pdftex.def Info: figures/quencher.png  used on input line 36.
(pdftex.def)             Requested size: 223.00134pt x 315.69736pt.
<figures/model02.png, id=4, 350.81062pt x 721.19438pt>
File: figures/model02.png Graphic file (type png)
<use figures/model02.png>
Package pdftex.def Info: figures/model02.png  used on input line 42.
(pdftex.def)             Requested size: 164.31754pt x 337.80594pt.
[1

{/var/lib/texmf/fonts/map/pdftex/updmap/pdftex.map} </usr/local/share/texmf/tex
/latex/anagramaXC300x300_con_texto.png> <./figures/quencher.png> <./figures/mod
el02.png (PNG copy)>]
<figures/quencher_WX_unif_det.png, id=17, 602.25pt x 451.6875pt>
File: figures/quencher_WX_unif_det.png Graphic file (type png)
<use figures/quencher_WX_unif_det.png>
Package pdftex.def Info: figures/quencher_WX_unif_det.png  used on input line 7
6.
(pdftex.def)             Requested size: 223.00134pt x 167.2527pt.
<figures/quencher_L_point.png, id=18, 602.25pt x 451.6875pt>
File: figures/quencher_L_point.png Graphic file (type png)
<use figures/quencher_L_point.png>
Package pdftex.def Info: figures/quencher_L_point.png  used on input line 82.
(pdftex.def)             Requested size: 223.00134pt x 167.2527pt.
 [2 <./figures/quencher_WX_unif_det.png (PNG copy)> <./figures/quencher_L_point
.png (PNG copy)>]
<figures/LL01.png, id=25, 542.77782pt x 629.35126pt>
File: figures/LL01.png Graphic file (type png)
<use figures/LL01.png>
Package pdftex.def Info: figures/LL01.png  used on input line 103.
(pdftex.def)             Requested size: 154.92612pt x 179.63585pt.
<figures/vm_quencher_shell.png, id=26, 566.115pt x 770.12718pt>
File: figures/vm_quencher_shell.png Graphic file (type png)
<use figures/vm_quencher_shell.png>
Package pdftex.def Info: figures/vm_quencher_shell.png  used on input line 109.

(pdftex.def)             Requested size: 126.75903pt x 172.4368pt.
<figures/vm_baseplate.png, id=27, 602.25pt x 451.6875pt>
File: figures/vm_baseplate.png Graphic file (type png)
<use figures/vm_baseplate.png>
Package pdftex.def Info: figures/vm_baseplate.png  used on input line 115.
(pdftex.def)             Requested size: 140.84258pt x 105.62965pt.
<figures//uX_01.png, id=28, 494.59781pt x 599.23875pt>
File: figures//uX_01.png Graphic file (type png)
<use figures//uX_01.png>
Package pdftex.def Info: figures//uX_01.png  used on input line 121.
(pdftex.def)             Requested size: 154.92612pt x 187.70055pt.
<figures/vm_quencher_shell_buckling.png, id=29, 379.4175pt x 694.84593pt>
File: figures/vm_quencher_shell_buckling.png Graphic file (type png)
<use figures/vm_quencher_shell_buckling.png>
Package pdftex.def Info: figures/vm_quencher_shell_buckling.png  used on input 
line 127.
(pdftex.def)             Requested size: 117.36761pt x 214.9335pt.

Underfull \hbox (badness 1701) in paragraph at lines 128--128
[]\OT1/cmr/m/n/9 (e) |Check against col-lapse
 []


Underfull \hbox (badness 1221) in paragraph at lines 128--128
\OT1/cmr/m/n/9 from buck-ling. Von-mises
 []

<figures/vm_baseplate_buckling.png, id=30, 602.25pt x 451.6875pt>
File: figures/vm_baseplate_buckling.png Graphic file (type png)
<use figures/vm_baseplate_buckling.png>
Package pdftex.def Info: figures/vm_baseplate_buckling.png  used on input line 
133.
(pdftex.def)             Requested size: 140.84258pt x 105.62965pt.

Underfull \hbox (badness 1194) in paragraph at lines 134--134
[]\OT1/cmr/m/n/9 (f) |Check against col-lapse from
 []

[3 <./figures/LL01.png (PNG copy)> <./figures/vm_quencher_shell.png (PNG copy)>
 <./figures/vm_baseplate.png (PNG copy)> <./figures//uX_01.png (PNG copy)> <./f
igures/vm_quencher_shell_buckling.png (PNG copy)> <./figures/vm_baseplate_buckl
ing.png (PNG copy)>] (./quencher_Jubail.aux)

LaTeX Font Warning: Size substitutions with differences
(Font)              up to 25.12pt have occurred.

 ) 
Here is how much of TeX's memory you used:
 5473 strings out of 478287
 94397 string characters out of 5849290
 420018 words of memory out of 5000000
 23633 multiletter control sequences out of 15000+600000
 470809 words of font info for 33 fonts, out of 8000000 for 9000
 1141 hyphenation exceptions out of 8191
 85i,10n,90p,700b,466s stack positions out of 5000i,500n,10000p,200000b,80000s
</usr/share/texlive/texmf-dist/fonts/type1/public/amsfonts/cm/cmbx12.pfb></us
r/share/texlive/texmf-dist/fonts/type1/public/amsfonts/cm/cmmi10.pfb></usr/shar
e/texlive/texmf-dist/fonts/type1/public/amsfonts/cm/cmmi7.pfb></usr/share/texli
ve/texmf-dist/fonts/type1/public/amsfonts/cm/cmr10.pfb></usr/share/texlive/texm
f-dist/fonts/type1/public/amsfonts/cm/cmr8.pfb></usr/share/texlive/texmf-dist/f
onts/type1/public/amsfonts/cm/cmr9.pfb></usr/share/texlive/texmf-dist/fonts/typ
e1/public/amsfonts/cm/cmsy5.pfb></usr/share/texlive/texmf-dist/fonts/type1/publ
ic/amsfonts/cm/cmti10.pfb>
Output written on quencher_Jubail.pdf (3 pages, 1527866 bytes).
PDF statistics:
 68 PDF objects out of 1000 (max. 8388607)
 33 compressed objects within 1 object stream
 0 named destinations out of 1000 (max. 500000)
 56 words of extra memory for PDF output out of 10000 (max. 10000000)

